[handleMsg]:  {
  key: {
    remoteJid: '51986154999@s.whatsapp.net',
    fromMe: false,
    id: 'C0FDACDBDA0AC3107FBB9D586A142B02',
    participant: undefined
  },
  messageTimestamp: 1696307567,
  pushName: 'Paul Cruz',
  broadcast: false,
  message: Message {
    conversation: '6',
    messageContextInfo: MessageContextInfo {
      deviceListMetadata: [DeviceListMetadata],
      deviceListMetadataVersion: 2
    }
  },
  body: '6',
  from: '51986154999'
}
[QUEUE_SE_ENVIO]:  {
  ref: 'ans_02ed876f-7413-4d37-8ffa-dd639833a64d',
  keyword: 'key_48d244c5-228c-4cb1-804f-290c14c1397b',
  answer: '__call_action__',
  options: {
    media: null,
    buttons: [],
    capture: false,
    child: null,
    delay: 0,
    nested: [],
    keyword: {},
    callback: true
  },
  refSerialize: '84f673364835bc205e8d0c9c2c3558da'
}
[QUEUE_SE_ENVIO]:  {
  ref: 'ans_f822d711-3e26-4894-acd0-77568613fabf',
  keyword: 'ans_02ed876f-7413-4d37-8ffa-dd639833a64d',
  answer: '*1.* Discos Solidos\n*2.* Ofertas\n*3.* Una Coreana Random',
  options: {
    media: null,
    buttons: [],
    capture: false,
    child: null,
    delay: 0,
    nested: [ [Object], [Object], [Object], [Object], [Object], [Object] ],
    keyword: {},
    callback: false
  },
  refSerialize: '96ef3ce1a99c969b486d329f5b4d5391'
}
[handleMsg]:  {
  key: {
    remoteJid: '51986154999@s.whatsapp.net',
    fromMe: false,
    id: '3453008A122BC8E74AD219AC0BE72962',
    participant: undefined
  },
  messageTimestamp: 1696307571,
  pushName: 'Paul Cruz',
  broadcast: false,
  message: Message {
    conversation: '3',
    messageContextInfo: MessageContextInfo {
      deviceListMetadata: [DeviceListMetadata],
      deviceListMetadataVersion: 2
    }
  },
  body: '3',
  from: '51986154999'
}
[QUEUE_SE_ENVIO]:  {
  ref: 'ans_1db7d07d-4c56-43a0-b897-2f2297bf69d9',
  keyword: 'key_fa180cdd-c6dc-4871-bc30-c0e0ee28f110',
  answer: '__call_action__',
  options: {
    media: null,
    buttons: [],
    capture: false,
    child: null,
    delay: 0,
    nested: [],
    keyword: {},
    callback: true
  },
  refSerialize: '25c26b62407dbda50b9247b7ce54415f'
}
[handleMsg]:  {
  key: {
    remoteJid: '51986154999@s.whatsapp.net',
    fromMe: false,
    id: '619B24EE768B5D839DB4D7CD4521A4ED',
    participant: undefined
  },
  messageTimestamp: 1696307576,
  pushName: 'Paul Cruz',
  broadcast: false,
  message: Message {
    conversation: 'Yy',
    messageContextInfo: MessageContextInfo {
      deviceListMetadata: [DeviceListMetadata],
      deviceListMetadataVersion: 2
    }
  },
  body: 'Yy',
  from: '51986154999'
}
[QUEUE_SE_ENVIO]:  {
  ref: 'ans_02ed876f-7413-4d37-8ffa-dd639833a64d',
  keyword: 'key_48d244c5-228c-4cb1-804f-290c14c1397b',
  answer: '__call_action__',
  options: {
    media: null,
    buttons: [],
    capture: false,
    child: null,
    delay: 0,
    nested: [],
    keyword: {},
    callback: true
  },
  refSerialize: '84f673364835bc205e8d0c9c2c3558da'
}
[QUEUE_SE_ENVIO]:  {
  ref: 'ans_f822d711-3e26-4894-acd0-77568613fabf',
  keyword: 'ans_02ed876f-7413-4d37-8ffa-dd639833a64d',
  answer: '*1.* Discos Solidos\n*2.* Ofertas\n*3.* Una Coreana Random',
  options: {
    media: null,
    buttons: [],
    capture: false,
    child: null,
    delay: 0,
    nested: [ [Object], [Object], [Object], [Object], [Object], [Object] ],
    keyword: {},
    callback: false
  },
  refSerialize: '96ef3ce1a99c969b486d329f5b4d5391'
}
[handleMsg]:  {
  key: {
    remoteJid: '51986154999@s.whatsapp.net',
    fromMe: false,
    id: 'A39AE0743739B37AE8FE3820870B57FB',
    participant: undefined
  },
  messageTimestamp: 1696307579,
  pushName: 'Paul Cruz',
  broadcast: false,
  message: Message {
    conversation: '2',
    messageContextInfo: MessageContextInfo {
      deviceListMetadata: [DeviceListMetadata],
      deviceListMetadataVersion: 2
    }
  },
  body: '2',
  from: '51986154999'
}
[QUEUE_SE_ENVIO]:  {
  ref: 'ans_ce2f1d2c-8342-4f28-8c8e-f99ea1b343c2',
  keyword: 'key_b7b32ce4-2faf-43de-a4a2-ae1f6a84e2e7',
  answer: '__call_action__',
  options: {
    media: null,
    buttons: [],
    capture: false,
    child: null,
    delay: 0,
    nested: [],
    keyword: {},
    callback: true
  },
  refSerialize: '803b60fa9f892c1904f66ec90bce7683'
}
